-------------------------------------------------------------------------------
Test set: cucumber.Options.TestRunner
-------------------------------------------------------------------------------
Tests run: 3, Failures: 0, Errors: 3, Skipped: 0, Time elapsed: 1.356 s <<< FAILURE! - in cucumber.Options.TestRunner
Verify if Place is being successfully added using AddPlaceAPI #1(Validating Places APIs)  Time elapsed: 0.69 s  <<< ERROR!
java.lang.IllegalArgumentException: Specification to merge with cannot be null

Verify if Place is being successfully added using AddPlaceAPI #2(Validating Places APIs)  Time elapsed: 0.006 s  <<< ERROR!
java.lang.IllegalArgumentException: Specification to merge with cannot be null

Verify if Place is being successfully added using AddPlaceAPI #3(Validating Places APIs)  Time elapsed: 0.006 s  <<< ERROR!
java.lang.IllegalArgumentException: Specification to merge with cannot be null

